\BOOKMARK [1][-]{section.1}{\376\377\000S\000u\000m\000m\000a\000r\000y}{}% 1
\BOOKMARK [1][-]{section.2}{\376\377\000A\000r\000c\000h\000i\000t\000e\000c\000t\000u\000r\000e}{}% 2
\BOOKMARK [1][-]{section.3}{\376\377\000T\000e\000c\000h\000n\000o\000l\000o\000g\000i\000e\000s}{}% 3
\BOOKMARK [2][-]{subsection.3.1}{\376\377\000N\000e\000x\000t\000.\000j\000s\000\040\000a\000n\000d\000\040\000R\000e\000a\000c\000t}{section.3}% 4
\BOOKMARK [2][-]{subsection.3.2}{\376\377\000T\000y\000p\000e\000s\000c\000r\000i\000p\000t}{section.3}% 5
\BOOKMARK [2][-]{subsection.3.3}{\376\377\000T\000a\000i\000l\000w\000i\000n\000d}{section.3}% 6
\BOOKMARK [2][-]{subsection.3.4}{\376\377\000S\000t\000r\000a\000p\000i\000\040\000a\000n\000d\000\040\000g\000r\000a\000p\000h\000q\000l}{section.3}% 7
\BOOKMARK [1][-]{section.4}{\376\377\000P\000a\000g\000e\000s}{}% 8
\BOOKMARK [1][-]{section.5}{\376\377\000I\000m\000p\000l\000e\000m\000e\000n\000t\000a\000t\000i\000o\000n}{}% 9
\BOOKMARK [2][-]{subsection.5.1}{\376\377\000F\000r\000o\000n\000t\000\040\000e\000n\000d}{section.5}% 10
\BOOKMARK [3][-]{subsubsection.5.1.1}{\376\377\000H\000o\000m\000e\000\040\000p\000a\000g\000e}{subsection.5.1}% 11
\BOOKMARK [3][-]{subsubsection.5.1.2}{\376\377\000L\000o\000g\000i\000n}{subsection.5.1}% 12
\BOOKMARK [3][-]{subsubsection.5.1.3}{\376\377\000P\000r\000o\000f\000i\000l\000e}{subsection.5.1}% 13
\BOOKMARK [3][-]{subsubsection.5.1.4}{\376\377\000G\000a\000m\000e}{subsection.5.1}% 14
\BOOKMARK [2][-]{subsection.5.2}{\376\377\000B\000a\000c\000k\000e\000n\000d\000\040\000a\000n\000d\000\040\000d\000a\000t\000a\000b\000a\000s\000e}{section.5}% 15
\BOOKMARK [3][-]{subsubsection.5.2.1}{\376\377\000D\000a\000t\000a\000b\000a\000s\000e\000\040\000s\000c\000h\000e\000m\000a}{subsection.5.2}% 16
\BOOKMARK [3][-]{subsubsection.5.2.2}{\376\377\000E\000x\000t\000e\000r\000n\000a\000l\000\040\000A\000P\000I\000\040\000u\000s\000a\000g\000e\000\040\000a\000n\000d\000\040\000d\000a\000t\000a\000\040\000m\000a\000n\000i\000p\000u\000l\000a\000t\000i\000o\000n}{subsection.5.2}% 17
\BOOKMARK [3][-]{subsubsection.5.2.3}{\376\377\000G\000r\000a\000p\000h\000q\000l\000\040\000A\000P\000I}{subsection.5.2}% 18
\BOOKMARK [3][-]{subsubsection.5.2.4}{\376\377\000N\000e\000w\000\040\000b\000e\000t\000\040\000p\000r\000o\000c\000e\000s\000s}{subsection.5.2}% 19
\BOOKMARK [1][-]{section.6}{\376\377\000C\000l\000o\000u\000d\000\040\000D\000e\000p\000l\000o\000y\000m\000e\000n\000t}{}% 20
\BOOKMARK [2][-]{subsection.6.1}{\376\377\000C\000l\000o\000u\000d\000\040\000p\000r\000o\000v\000i\000d\000e\000r\000\040\000a\000n\000d\000\040\000i\000n\000s\000t\000a\000n\000c\000e\000\040\000t\000y\000p\000e\000s}{section.6}% 21
\BOOKMARK [1][-]{section.7}{\376\377\000P\000r\000o\000b\000l\000e\000m\000s\000\040\000a\000n\000d\000\040\000D\000i\000f\000f\000i\000c\000u\000l\000t\000i\000e\000s}{}% 22
\BOOKMARK [1][-]{section.8}{\376\377\000R\000e\000f\000e\000r\000e\000n\000c\000e\000s}{}% 23
\BOOKMARK [1][-]{section.9}{\376\377\000T\000e\000a\000m\000\040\000R\000o\000l\000e\000s}{}% 24
